#
# There is insufficient memory for the Java Runtime Environment to continue.
# Native memory allocation (malloc) failed to allocate 1072016 bytes for Chunk::new
# Possible reasons:
#   The system is out of physical RAM or swap space
#   In 32 bit mode, the process size limit was hit
# Possible solutions:
#   Reduce memory load on the system
#   Increase physical memory or swap space
#   Check if swap backing store is full
#   Use 64 bit Java on a 64 bit OS
#   Decrease Java heap size (-Xmx/-Xms)
#   Decrease number of Java threads
#   Decrease Java thread stack sizes (-Xss)
#   Set larger code cache with -XX:ReservedCodeCacheSize=
# This output file may be truncated or incomplete.
#
#  Out of Memory Error (allocation.cpp:390), pid=15684, tid=0x0000000000004818
#
# JRE version: Java(TM) SE Runtime Environment (8.0_111-b14) (build 1.8.0_111-b14)
# Java VM: Java HotSpot(TM) 64-Bit Server VM (25.111-b14 mixed mode windows-amd64 compressed oops)
# Failed to write core dump. Minidumps are not enabled by default on client versions of Windows
#

---------------  T H R E A D  ---------------

Current thread (0x00000000181ae000):  JavaThread "C2 CompilerThread1" daemon [_thread_in_native, id=18456, stack(0x0000000019ba0000,0x0000000019ca0000)]

Stack: [0x0000000019ba0000,0x0000000019ca0000]
[error occurred during error reporting (printing stack bounds), id 0xc0000005]

Native frames: (J=compiled Java code, j=interpreted, Vv=VM code, C=native code)


Current CompileTask:
C2:   4227 2436   !   4       org.codehaus.plexus.interpolation.StringSearchInterpolator::interpolate (650 bytes)


---------------  P R O C E S S  ---------------

Java Threads: ( => current thread )
  0x0000000019527000 JavaThread "Service Thread" daemon [_thread_blocked, id=9760, stack(0x0000000019da0000,0x0000000019ea0000)]
  0x00000000194b1800 JavaThread "C1 CompilerThread2" daemon [_thread_in_native, id=9352, stack(0x0000000019ca0000,0x0000000019da0000)]
=>0x00000000181ae000 JavaThread "C2 CompilerThread1" daemon [_thread_in_native, id=18456, stack(0x0000000019ba0000,0x0000000019ca0000)]
  0x00000000181ac000 JavaThread "C2 CompilerThread0" daemon [_thread_in_native, id=14752, stack(0x0000000019aa0000,0x0000000019ba0000)]
  0x00000000181aa000 JavaThread "Attach Listener" daemon [_thread_blocked, id=16004, stack(0x00000000199a0000,0x0000000019aa0000)]
  0x000000001815f800 JavaThread "Signal Dispatcher" daemon [_thread_blocked, id=18648, stack(0x00000000198a0000,0x00000000199a0000)]
  0x000000000350b800 JavaThread "Finalizer" daemon [_thread_blocked, id=2192, stack(0x00000000193a0000,0x00000000194a0000)]
  0x0000000003501000 JavaThread "Reference Handler" daemon [_thread_blocked, id=17560, stack(0x00000000192a0000,0x00000000193a0000)]
  0x00000000035ce000 JavaThread "main" [_thread_in_native, id=14404, stack(0x0000000002f50000,0x0000000003050000)]

Other Threads:
  0x0000000018117000 VMThread [stack: 0x00000000191a0000,0x00000000192a0000] [id=10144]
  0x000000001956a800 WatcherThread [stack: 0x0000000019ea0000,0x0000000019fa0000] [id=17836]

VM state:not at safepoint (normal execution)

VM Mutex/Monitor currently owned by a thread: None

Heap:
 PSYoungGen      total 38400K, used 27756K [0x00000000d5b80000, 0x00000000d8600000, 0x0000000100000000)
  eden space 33280K, 68% used [0x00000000d5b80000,0x00000000d719f280,0x00000000d7c00000)
  from space 5120K, 99% used [0x00000000d8100000,0x00000000d85fc040,0x00000000d8600000)
  to   space 5120K, 0% used [0x00000000d7c00000,0x00000000d7c00000,0x00000000d8100000)
 ParOldGen       total 87552K, used 12146K [0x0000000081200000, 0x0000000086780000, 0x00000000d5b80000)
  object space 87552K, 13% used [0x0000000081200000,0x0000000081ddcbc8,0x0000000086780000)
 Metaspace       used 15819K, capacity 16204K, committed 16384K, reserved 1062912K
  class space    used 1928K, capacity 2016K, committed 2048K, reserved 1048576K

Card table byte_map: [0x0000000012990000,0x0000000012d90000] byte_map_base: 0x0000000012587000

Marking Bits: (ParMarkBitMap*) 0x0000000076bfa6c0
 Begin Bits: [0x0000000013440000, 0x00000000153f8000)
 End Bits:   [0x00000000153f8000, 0x00000000173b0000)

Polling page: 0x00000000016b0000

CodeCache: size=245760Kb used=8506Kb max_used=8506Kb free=237253Kb
 bounds [0x00000000035d0000, 0x0000000003e30000, 0x00000000125d0000]
 total_blobs=2811 nmethods=2453 adapters=270
 compilation: enabled

Compilation events (10 events):
Event: 4.189 Thread 0x00000000194b1800 2459       3       org.eclipse.aether.internal.impl.CacheUtils::repositoryHashCode (18 bytes)
Event: 4.190 Thread 0x00000000194b1800 nmethod 2459 0x0000000003e22950 code [0x0000000003e22ac0, 0x0000000003e22d88]
Event: 4.190 Thread 0x00000000194b1800 2460       3       org.eclipse.aether.internal.impl.CacheUtils::hash (13 bytes)
Event: 4.190 Thread 0x00000000194b1800 nmethod 2460 0x0000000003e22ed0 code [0x0000000003e23040, 0x0000000003e23288]
Event: 4.195 Thread 0x00000000194b1800 2461       3       sun.nio.ch.FileChannelImpl::ensureOpen (16 bytes)
Event: 4.195 Thread 0x00000000194b1800 nmethod 2461 0x0000000003e23350 code [0x0000000003e234c0, 0x0000000003e23768]
Event: 4.195 Thread 0x00000000194b1800 2462   !   3       sun.nio.ch.NativeThreadSet::add (155 bytes)
Event: 4.196 Thread 0x00000000194b1800 nmethod 2462 0x0000000003e23850 code [0x0000000003e239e0, 0x0000000003e24088]
Event: 4.196 Thread 0x00000000194b1800 2463   !   3       sun.nio.ch.NativeThreadSet::remove (50 bytes)
Event: 4.196 Thread 0x00000000194b1800 nmethod 2463 0x0000000003e243d0 code [0x0000000003e24540, 0x0000000003e24988]

GC Heap History (8 events):
Event: 1.142 GC heap before
{Heap before GC invocations=1 (full 0):
 PSYoungGen      total 38400K, used 33280K [0x00000000d5b80000, 0x00000000d8600000, 0x0000000100000000)
  eden space 33280K, 100% used [0x00000000d5b80000,0x00000000d7c00000,0x00000000d7c00000)
  from space 5120K, 0% used [0x00000000d8100000,0x00000000d8100000,0x00000000d8600000)
  to   space 5120K, 0% used [0x00000000d7c00000,0x00000000d7c00000,0x00000000d8100000)
 ParOldGen       total 87552K, used 0K [0x0000000081200000, 0x0000000086780000, 0x00000000d5b80000)
  object space 87552K, 0% used [0x0000000081200000,0x0000000081200000,0x0000000086780000)
 Metaspace       used 8258K, capacity 8488K, committed 8576K, reserved 1056768K
  class space    used 1024K, capacity 1084K, committed 1152K, reserved 1048576K
Event: 1.147 GC heap after
Heap after GC invocations=1 (full 0):
 PSYoungGen      total 38400K, used 5093K [0x00000000d5b80000, 0x00000000d8600000, 0x0000000100000000)
  eden space 33280K, 0% used [0x00000000d5b80000,0x00000000d5b80000,0x00000000d7c00000)
  from space 5120K, 99% used [0x00000000d7c00000,0x00000000d80f96c0,0x00000000d8100000)
  to   space 5120K, 0% used [0x00000000d8100000,0x00000000d8100000,0x00000000d8600000)
 ParOldGen       total 87552K, used 397K [0x0000000081200000, 0x0000000086780000, 0x00000000d5b80000)
  object space 87552K, 0% used [0x0000000081200000,0x0000000081263598,0x0000000086780000)
 Metaspace       used 8258K, capacity 8488K, committed 8576K, reserved 1056768K
  class space    used 1024K, capacity 1084K, committed 1152K, reserved 1048576K
}
Event: 1.715 GC heap before
{Heap before GC invocations=2 (full 0):
 PSYoungGen      total 38400K, used 38373K [0x00000000d5b80000, 0x00000000d8600000, 0x0000000100000000)
  eden space 33280K, 100% used [0x00000000d5b80000,0x00000000d7c00000,0x00000000d7c00000)
  from space 5120K, 99% used [0x00000000d7c00000,0x00000000d80f96c0,0x00000000d8100000)
  to   space 5120K, 0% used [0x00000000d8100000,0x00000000d8100000,0x00000000d8600000)
 ParOldGen       total 87552K, used 397K [0x0000000081200000, 0x0000000086780000, 0x00000000d5b80000)
  object space 87552K, 0% used [0x0000000081200000,0x0000000081263598,0x0000000086780000)
 Metaspace       used 12108K, capacity 12314K, committed 12672K, reserved 1060864K
  class space    used 1519K, capacity 1609K, committed 1664K, reserved 1048576K
Event: 1.724 GC heap after
Heap after GC invocations=2 (full 0):
 PSYoungGen      total 38400K, used 5113K [0x00000000d5b80000, 0x00000000d8600000, 0x0000000100000000)
  eden space 33280K, 0% used [0x00000000d5b80000,0x00000000d5b80000,0x00000000d7c00000)
  from space 5120K, 99% used [0x00000000d8100000,0x00000000d85fe620,0x00000000d8600000)
  to   space 5120K, 0% used [0x00000000d7c00000,0x00000000d7c00000,0x00000000d8100000)
 ParOldGen       total 87552K, used 2840K [0x0000000081200000, 0x0000000086780000, 0x00000000d5b80000)
  object space 87552K, 3% used [0x0000000081200000,0x00000000814c60a0,0x0000000086780000)
 Metaspace       used 12108K, capacity 12314K, committed 12672K, reserved 1060864K
  class space    used 1519K, capacity 1609K, committed 1664K, reserved 1048576K
}
Event: 2.954 GC heap before
{Heap before GC invocations=3 (full 0):
 PSYoungGen      total 38400K, used 38393K [0x00000000d5b80000, 0x00000000d8600000, 0x0000000100000000)
  eden space 33280K, 100% used [0x00000000d5b80000,0x00000000d7c00000,0x00000000d7c00000)
  from space 5120K, 99% used [0x00000000d8100000,0x00000000d85fe620,0x00000000d8600000)
  to   space 5120K, 0% used [0x00000000d7c00000,0x00000000d7c00000,0x00000000d8100000)
 ParOldGen       total 87552K, used 2840K [0x0000000081200000, 0x0000000086780000, 0x00000000d5b80000)
  object space 87552K, 3% used [0x0000000081200000,0x00000000814c60a0,0x0000000086780000)
 Metaspace       used 14880K, capacity 15182K, committed 15488K, reserved 1062912K
  class space    used 1819K, capacity 1911K, committed 1920K, reserved 1048576K
Event: 2.968 GC heap after
Heap after GC invocations=3 (full 0):
 PSYoungGen      total 38400K, used 5104K [0x00000000d5b80000, 0x00000000d8600000, 0x0000000100000000)
  eden space 33280K, 0% used [0x00000000d5b80000,0x00000000d5b80000,0x00000000d7c00000)
  from space 5120K, 99% used [0x00000000d7c00000,0x00000000d80fc040,0x00000000d8100000)
  to   space 5120K, 0% used [0x00000000d8100000,0x00000000d8100000,0x00000000d8600000)
 ParOldGen       total 87552K, used 6049K [0x0000000081200000, 0x0000000086780000, 0x00000000d5b80000)
  object space 87552K, 6% used [0x0000000081200000,0x00000000817e87d8,0x0000000086780000)
 Metaspace       used 14880K, capacity 15182K, committed 15488K, reserved 1062912K
  class space    used 1819K, capacity 1911K, committed 1920K, reserved 1048576K
}
Event: 3.328 GC heap before
{Heap before GC invocations=4 (full 0):
 PSYoungGen      total 38400K, used 38384K [0x00000000d5b80000, 0x00000000d8600000, 0x0000000100000000)
  eden space 33280K, 100% used [0x00000000d5b80000,0x00000000d7c00000,0x00000000d7c00000)
  from space 5120K, 99% used [0x00000000d7c00000,0x00000000d80fc040,0x00000000d8100000)
  to   space 5120K, 0% used [0x00000000d8100000,0x00000000d8100000,0x00000000d8600000)
 ParOldGen       total 87552K, used 6049K [0x0000000081200000, 0x0000000086780000, 0x00000000d5b80000)
  object space 87552K, 6% used [0x0000000081200000,0x00000000817e87d8,0x0000000086780000)
 Metaspace       used 15080K, capacity 15316K, committed 15488K, reserved 1062912K
  class space    used 1831K, capacity 1912K, committed 1920K, reserved 1048576K
Event: 3.354 GC heap after
Heap after GC invocations=4 (full 0):
 PSYoungGen      total 38400K, used 5104K [0x00000000d5b80000, 0x00000000d8600000, 0x0000000100000000)
  eden space 33280K, 0% used [0x00000000d5b80000,0x00000000d5b80000,0x00000000d7c00000)
  from space 5120K, 99% used [0x00000000d8100000,0x00000000d85fc040,0x00000000d8600000)
  to   space 5120K, 0% used [0x00000000d7c00000,0x00000000d7c00000,0x00000000d8100000)
 ParOldGen       total 87552K, used 12146K [0x0000000081200000, 0x0000000086780000, 0x00000000d5b80000)
  object space 87552K, 13% used [0x0000000081200000,0x0000000081ddcbc8,0x0000000086780000)
 Metaspace       used 15080K, capacity 15316K, committed 15488K, reserved 1062912K
  class space    used 1831K, capacity 1912K, committed 1920K, reserved 1048576K
}

Deoptimization events (10 events):
Event: 4.018 Thread 0x00000000035ce000 Uncommon trap: reason=class_check action=maybe_recompile pc=0x00000000038dbef0 method=java.nio.charset.CharsetDecoder.decode(Ljava/nio/ByteBuffer;Ljava/nio/CharBuffer;Z)Ljava/nio/charset/CoderResult; @ 57
Event: 4.018 Thread 0x00000000035ce000 Uncommon trap: reason=class_check action=maybe_recompile pc=0x00000000038dbef0 method=java.nio.charset.CharsetDecoder.decode(Ljava/nio/ByteBuffer;Ljava/nio/CharBuffer;Z)Ljava/nio/charset/CoderResult; @ 57
Event: 4.019 Thread 0x00000000035ce000 Uncommon trap: reason=class_check action=maybe_recompile pc=0x00000000038dbef0 method=java.nio.charset.CharsetDecoder.decode(Ljava/nio/ByteBuffer;Ljava/nio/CharBuffer;Z)Ljava/nio/charset/CoderResult; @ 57
Event: 4.019 Thread 0x00000000035ce000 Uncommon trap: reason=class_check action=maybe_recompile pc=0x00000000038dbef0 method=java.nio.charset.CharsetDecoder.decode(Ljava/nio/ByteBuffer;Ljava/nio/CharBuffer;Z)Ljava/nio/charset/CoderResult; @ 57
Event: 4.021 Thread 0x00000000035ce000 Uncommon trap: reason=unstable_if action=reinterpret pc=0x0000000003d56f94 method=org.codehaus.plexus.util.xml.pull.MXParser.nextImpl()I @ 310
Event: 4.026 Thread 0x00000000035ce000 Uncommon trap: reason=unstable_if action=reinterpret pc=0x0000000003d5b6bc method=org.apache.maven.model.io.xpp3.MavenXpp3Reader.nextTag(Lorg/codehaus/plexus/util/xml/pull/XmlPullParser;)I @ 9
Event: 4.034 Thread 0x00000000035ce000 Uncommon trap: reason=class_check action=maybe_recompile pc=0x0000000003d8736c method=org.apache.maven.model.interpolation.StringSearchModelInterpolator$InterpolateObjectAction$MapField.doInterpolate(Ljava/lang/Object;Lorg/apache/maven/model/interpolation
Event: 4.034 Thread 0x00000000035ce000 Uncommon trap: reason=class_check action=maybe_recompile pc=0x0000000003d8736c method=org.apache.maven.model.interpolation.StringSearchModelInterpolator$InterpolateObjectAction$MapField.doInterpolate(Ljava/lang/Object;Lorg/apache/maven/model/interpolation
Event: 4.157 Thread 0x00000000035ce000 Uncommon trap: reason=intrinsic action=make_not_entrant pc=0x0000000003dd8274 method=org.apache.maven.model.Dependency.getManagementKey()Ljava/lang/String; @ 8
Event: 4.157 Thread 0x00000000035ce000 Uncommon trap: reason=intrinsic action=make_not_entrant pc=0x0000000003c47a00 method=org.apache.maven.model.Dependency.getManagementKey()Ljava/lang/String; @ 8

Internal exceptions (10 events):
Event: 2.073 Thread 0x00000000035ce000 Exception <a 'java/lang/NullPointerException'> (0x00000000d66436e8) thrown at [C:\re\workspace\8-2-build-windows-amd64-cygwin\jdk8u111\7883\hotspot\src\share\vm\interpreter\linkResolver.cpp, line 1178]
Event: 2.074 Thread 0x00000000035ce000 Exception <a 'java/lang/NullPointerException'> (0x00000000d6643900) thrown at [C:\re\workspace\8-2-build-windows-amd64-cygwin\jdk8u111\7883\hotspot\src\share\vm\interpreter\linkResolver.cpp, line 1178]
Event: 2.074 Thread 0x00000000035ce000 Exception <a 'java/lang/NullPointerException'> (0x00000000d6643b18) thrown at [C:\re\workspace\8-2-build-windows-amd64-cygwin\jdk8u111\7883\hotspot\src\share\vm\interpreter\linkResolver.cpp, line 1178]
Event: 2.077 Thread 0x00000000035ce000 Exception <a 'java/lang/NullPointerException'> (0x00000000d665a190) thrown at [C:\re\workspace\8-2-build-windows-amd64-cygwin\jdk8u111\7883\hotspot\src\share\vm\interpreter\linkResolver.cpp, line 1178]
Event: 2.077 Thread 0x00000000035ce000 Exception <a 'java/lang/NullPointerException'> (0x00000000d665a3a8) thrown at [C:\re\workspace\8-2-build-windows-amd64-cygwin\jdk8u111\7883\hotspot\src\share\vm\interpreter\linkResolver.cpp, line 1178]
Event: 2.077 Thread 0x00000000035ce000 Exception <a 'java/lang/NullPointerException'> (0x00000000d665a5c0) thrown at [C:\re\workspace\8-2-build-windows-amd64-cygwin\jdk8u111\7883\hotspot\src\share\vm\interpreter\linkResolver.cpp, line 1178]
Event: 2.594 Thread 0x00000000035ce000 Implicit null exception at 0x0000000003ba7ab7 to 0x0000000003ba7d01
Event: 3.622 Thread 0x00000000035ce000 Implicit null exception at 0x00000000039a7a15 to 0x00000000039a7bed
Event: 3.634 Thread 0x00000000035ce000 Implicit null exception at 0x0000000003d52c77 to 0x0000000003d52ec1
Event: 3.793 Thread 0x00000000035ce000 Implicit null exception at 0x0000000003cc9b8f to 0x0000000003cca091

Events (10 events):
Event: 4.134 Thread 0x00000000035ce000 DEOPT PACKING pc=0x0000000003e02cb1 sp=0x000000000304cbe0
Event: 4.134 Thread 0x00000000035ce000 DEOPT UNPACKING pc=0x000000000361787f sp=0x000000000304c9a8 mode 0
Event: 4.155 Thread 0x00000000035ce000 DEOPT PACKING pc=0x0000000003e02cb1 sp=0x000000000304cb30
Event: 4.155 Thread 0x00000000035ce000 DEOPT UNPACKING pc=0x000000000361787f sp=0x000000000304c8f8 mode 0
Event: 4.157 Thread 0x00000000035ce000 Uncommon trap: trap_request=0xffffffcc fr.pc=0x0000000003dd8274
Event: 4.157 Thread 0x00000000035ce000 DEOPT PACKING pc=0x0000000003dd8274 sp=0x000000000304cd50
Event: 4.157 Thread 0x00000000035ce000 DEOPT UNPACKING pc=0x000000000361582a sp=0x000000000304ccd0 mode 2
Event: 4.157 Thread 0x00000000035ce000 Uncommon trap: trap_request=0xffffffcc fr.pc=0x0000000003c47a00
Event: 4.157 Thread 0x00000000035ce000 DEOPT PACKING pc=0x0000000003c47a00 sp=0x000000000304ccf0
Event: 4.157 Thread 0x00000000035ce000 DEOPT UNPACKING pc=0x000000000361582a sp=0x000000000304ccc8 mode 2


Dynamic libraries:
0x00007ff66cc90000 - 0x00007ff66ccc7000 	D:\Program Files\Java\jdk1.8.0_111\bin\java.exe
0x00007ff921600000 - 0x00007ff9217db000 	C:\WINDOWS\SYSTEM32\ntdll.dll
0x00007ff91eb60000 - 0x00007ff91ec0e000 	C:\WINDOWS\System32\KERNEL32.DLL
0x00007ff91e110000 - 0x00007ff91e359000 	C:\WINDOWS\System32\KERNELBASE.dll
0x00007ff921090000 - 0x00007ff921131000 	C:\WINDOWS\System32\ADVAPI32.dll
0x00007ff91f270000 - 0x00007ff91f30d000 	C:\WINDOWS\System32\msvcrt.dll
0x00007ff920d90000 - 0x00007ff920de9000 	C:\WINDOWS\System32\sechost.dll
0x00007ff91f310000 - 0x00007ff91f435000 	C:\WINDOWS\System32\RPCRT4.dll
0x00007ff91f120000 - 0x00007ff91f26a000 	C:\WINDOWS\System32\USER32.dll
0x00007ff91dcb0000 - 0x00007ff91dcce000 	C:\WINDOWS\System32\win32u.dll
0x00007ff920ea0000 - 0x00007ff920ec7000 	C:\WINDOWS\System32\GDI32.dll
0x00007ff91db20000 - 0x00007ff91dca7000 	C:\WINDOWS\System32\gdi32full.dll
0x00007ff91e010000 - 0x00007ff91e0aa000 	C:\WINDOWS\System32\msvcp_win.dll
0x00007ff91dcd0000 - 0x00007ff91ddc6000 	C:\WINDOWS\System32\ucrtbase.dll
0x00007ff90f0c0000 - 0x00007ff90f327000 	C:\WINDOWS\WinSxS\amd64_microsoft.windows.common-controls_6595b64144ccf1df_6.0.15063.483_none_26002d27e7c744a2\COMCTL32.dll
0x00007ff9211c0000 - 0x00007ff9214b9000 	C:\WINDOWS\System32\combase.dll
0x00007ff91ddd0000 - 0x00007ff91de3a000 	C:\WINDOWS\System32\bcryptPrimitives.dll
0x00007ff9215d0000 - 0x00007ff9215fd000 	C:\WINDOWS\System32\IMM32.DLL
0x0000000076c80000 - 0x0000000076d52000 	D:\Program Files\Java\jdk1.8.0_111\jre\bin\msvcr100.dll
0x00000000763e0000 - 0x0000000076c7a000 	D:\Program Files\Java\jdk1.8.0_111\jre\bin\server\jvm.dll
0x00007ff91ec70000 - 0x00007ff91ec78000 	C:\WINDOWS\System32\PSAPI.DLL
0x00007ff9153c0000 - 0x00007ff9153e3000 	C:\WINDOWS\SYSTEM32\WINMM.dll
0x00007ff914c10000 - 0x00007ff914c1a000 	C:\WINDOWS\SYSTEM32\VERSION.dll
0x00007ff919a30000 - 0x00007ff919a39000 	C:\WINDOWS\SYSTEM32\WSOCK32.dll
0x00007ff915240000 - 0x00007ff91526b000 	C:\WINDOWS\SYSTEM32\winmmbase.dll
0x00007ff91e360000 - 0x00007ff91e3a9000 	C:\WINDOWS\System32\cfgmgr32.dll
0x00007ff920ed0000 - 0x00007ff920f3c000 	C:\WINDOWS\System32\WS2_32.dll
0x0000000076e70000 - 0x0000000076e7f000 	D:\Program Files\Java\jdk1.8.0_111\jre\bin\verify.dll
0x00000000763b0000 - 0x00000000763d9000 	D:\Program Files\Java\jdk1.8.0_111\jre\bin\java.dll
0x0000000076390000 - 0x00000000763a6000 	D:\Program Files\Java\jdk1.8.0_111\jre\bin\zip.dll
0x00007ff91f460000 - 0x00007ff920896000 	C:\WINDOWS\System32\SHELL32.dll
0x00007ff9208a0000 - 0x00007ff92094a000 	C:\WINDOWS\System32\shcore.dll
0x00007ff91e460000 - 0x00007ff91eb51000 	C:\WINDOWS\System32\windows.storage.dll
0x00007ff91f0c0000 - 0x00007ff91f111000 	C:\WINDOWS\System32\shlwapi.dll
0x00007ff91dae0000 - 0x00007ff91daf1000 	C:\WINDOWS\System32\kernel.appcore.dll
0x00007ff91da90000 - 0x00007ff91dadc000 	C:\WINDOWS\System32\powrprof.dll
0x00007ff91db00000 - 0x00007ff91db15000 	C:\WINDOWS\System32\profapi.dll
0x00007ff919aa0000 - 0x00007ff919aaa000 	F:\tools\maven\apache-maven-3.5.0\lib\jansi-native\windows64\jansi.dll
0x0000000076370000 - 0x000000007638a000 	D:\Program Files\Java\jdk1.8.0_111\jre\bin\net.dll
0x00007ff91d320000 - 0x00007ff91d37c000 	C:\WINDOWS\system32\mswsock.dll
0x0000000076350000 - 0x0000000076361000 	D:\Program Files\Java\jdk1.8.0_111\jre\bin\nio.dll

VM Arguments:
jvm_args: -Dclassworlds.conf=F:\tools\maven\apache-maven-3.5.0\bin\..\bin\m2.conf -Dmaven.home=F:\tools\maven\apache-maven-3.5.0\bin\.. -Dmaven.multiModuleProjectDirectory=F:\idea\IdeaProjects\ins-framework 
java_command: org.codehaus.plexus.classworlds.launcher.Launcher clean install -U
java_class_path (initial): F:\tools\maven\apache-maven-3.5.0\bin\..\boot\plexus-classworlds-2.5.2.jar
Launcher Type: SUN_STANDARD

Environment Variables:
JAVA_HOME=D:\Program Files\Java\jdk1.8.0_111
PATH=C:\Program Files\Docker\Docker\Resources\bin;C:\ProgramData\Oracle\Java\javapath;C:\WINDOWS\system32;C:\WINDOWS;C:\WINDOWS\System32\Wbem;C:\WINDOWS\System32\WindowsPowerShell\v1.0\;C:\Program Files\TortoiseSVN\bin;F:\tools\node\;F:\tools\git\Git\cmd;D:\Program Files\PuTTY\;C:\Program Files (x86)\Windows Kits\10\Windows Performance Toolkit\;D:\Users\liu\AppData\Local\Programs\Python\Python36-32\Scripts\;D:\Users\liu\AppData\Local\Programs\Python\Python36-32\;C:\Users\liu\AppData\Local\Microsoft\WindowsApps;D:\Program Files\Java\jdk1.8.0_111\bin;F:\tools\maven\apache-maven-3.5.0\bin;F:\tools\mysql\bin;D:\Program Files\Microsoft VS Code\bin;C:\Users\liu\AppData\Roaming\npm;F:\tools\mysql\bin;D:\Program Files\RabbitMQ Server\rabbitmq_server-3.6.11\sbin;F:\tools\erlang\erl9.0\bin;C:\Users\liu\.fabric8\bin;D:\安装包\phantomjs-2.1.1-windows\phantomjs-2.1.1-windows\bin;D:\安装包\chromedriver_win32;
USERNAME=Steve
OS=Windows_NT
PROCESSOR_IDENTIFIER=Intel64 Family 6 Model 61 Stepping 4, GenuineIntel



---------------  S Y S T E M  ---------------

OS: Windows 10.0 , 64 bit Build 15063 (10.0.15063.296)

CPU:total 4 (2 cores per cpu, 2 threads per core) family 6 model 61 stepping 4, cmov, cx8, fxsr, mmx, sse, sse2, sse3, ssse3, sse4.1, sse4.2, popcnt, avx, avx2, aes, clmul, erms, 3dnowpref, lzcnt, ht, tsc, tscinvbit, bmi1, bmi2, adx

Memory: 4k page, physical 8311120k(428620k free), swap 13874572k(5452k free)

vm_info: Java HotSpot(TM) 64-Bit Server VM (25.111-b14) for windows-amd64 JRE (1.8.0_111-b14), built on Sep 22 2016 19:24:05 by "java_re" with MS VC++ 10.0 (VS2010)

time: Thu Oct 19 21:52:42 2017
elapsed time: 4 seconds (0d 0h 0m 4s)

